2024-10-09 16:50:06.379 [info] Added views:outline in workbench.view.explorer
2024-10-09 16:50:06.380 [info] Added views:workbench.view.search in workbench.view.search
2024-10-09 16:50:06.380 [info] Added views:workbench.scm in workbench.view.scm
2024-10-09 16:50:06.380 [info] Added views:workbench.panel.markers.view in workbench.panel.markers
2024-10-09 16:50:06.380 [info] Added views:workbench.panel.output in workbench.panel.output
2024-10-09 16:50:06.380 [info] Added views:terminal in terminal
2024-10-09 16:50:06.380 [info] Added views:timeline in workbench.view.explorer
2024-10-09 16:50:06.380 [info] Added views:workbench.explorer.fileView in workbench.view.explorer
2024-10-09 16:50:06.887 [info] Added views:workbench.debug.variablesView,workbench.debug.watchExpressionsView,workbench.debug.callStackView,workbench.debug.breakPointsView in workbench.view.debug
2024-10-09 16:50:10.027 [info] Added views:~remote.forwardedPorts in ~remote.forwardedPortsContainer
2024-10-09 16:50:10.172 [info] Added views:workbench.panel.repl.view in workbench.panel.repl
2024-10-09 16:50:10.173 [info] Removed views:workbench.debug.breakPointsView,workbench.debug.callStackView,workbench.debug.watchExpressionsView,workbench.debug.variablesView from workbench.view.debug
2024-10-09 16:50:10.175 [info] Added views:workbench.debug.welcome in workbench.view.debug
2024-10-09 16:50:39.750 [info] Added views:workbench.scm.history in workbench.view.scm
2024-10-09 16:51:04.726 [info] Added views:workbench.views.extensions.installed,workbench.views.extensions.popular,extensions.recommendedList in workbench.view.extensions
2024-10-09 16:51:04.737 [info] Removed views:workbench.views.extensions.popular from workbench.view.extensions
2024-10-09 16:51:05.287 [info] Added views:workbench.views.extensions.popular in workbench.view.extensions
2024-10-09 16:51:21.163 [info] Removed views:extensions.recommendedList,workbench.views.extensions.popular,workbench.views.extensions.installed from workbench.view.extensions
2024-10-09 16:51:21.164 [info] Added views:workbench.views.extensions.marketplace in workbench.view.extensions
2024-10-09 16:51:43.070 [info] Removed views:workbench.views.extensions.marketplace from workbench.view.extensions
2024-10-09 16:51:43.133 [info] Added views:workbench.views.extensions.installed,workbench.views.extensions.popular,extensions.recommendedList in workbench.view.extensions
2024-10-09 16:51:45.027 [info] Removed views:extensions.recommendedList,workbench.views.extensions.popular,workbench.views.extensions.installed from workbench.view.extensions
2024-10-09 16:51:45.058 [info] Added views:workbench.views.extensions.marketplace in workbench.view.extensions
2024-10-09 16:52:16.297 [info] Added views:todo-tree-view in workbench.view.extension.todo-tree-container
